<?xml version="1.0" encoding="UTF-8" ?>
<testsuite failures="0" time="0.948" errors="0" skipped="0" tests="7" name="com.gdn.venice.facade.logistics.activity.processor.RPXActivityReportProcessorTest">
  <properties>
[...]
</properties>
  <testcase time="0.369" classname="com.gdn.venice.facade.logistics.activity.processor.RPXActivityReportProcessorTest" name="processEachOrderItem_orderItemBeforeAirwaybillEngine_executeProcessOrderItemBeforeAWBEngine"/>
  <testcase time="0.01" classname="com.gdn.venice.facade.logistics.activity.processor.RPXActivityReportProcessorTest" name="processEachOrderItem_orderItemAfterAirwaybillEngine_executeProcessOrderItemBeforeAWBEngine"/>
  <testcase time="0.012" classname="com.gdn.venice.facade.logistics.activity.processor.RPXActivityReportProcessorTest" name="composeLogAirwayBill_orderItemNewStatusIsCX_updatedSuccessfully"/>
  <testcase time="0.008" classname="com.gdn.venice.facade.logistics.activity.processor.RPXActivityReportProcessorTest" name="composeLogAirwayBill_invalidPUDate_updateFail"/>
  <testcase time="0.008" classname="com.gdn.venice.facade.logistics.activity.processor.RPXActivityReportProcessorTest" name="composeLogAirwayBill_orderItemNewStatusIsCXWithInvalidReceivedDate_updateFail"/>
  <testcase time="0.009" classname="com.gdn.venice.facade.logistics.activity.processor.RPXActivityReportProcessorTest" name="composeLogAirwayBill_newOrderItemStatusIsD_receivedRecipientRelationIsNotEmptyInLogAirwayBill"/>
  <testcase time="0.008" classname="com.gdn.venice.facade.logistics.activity.processor.RPXActivityReportProcessorTest" name="composeLogAirwayBillAfterAWBEngine_newOrderItemStatusIsD_receivedRecipientRelationIsNotEmptyInAirwayBillTransaction"/>
</testsuite>